  dllmain.cpp
V:\Work\碩士\計算機視覺\OpencvDll\dllmain.cpp(108,28): warning C4244: '引數': 將 'float' 轉換為 '_Tp'，由於類型不同，可能導致資料遺失
          with
          [
              _Tp=int
          ]
V:\Work\碩士\計算機視覺\OpencvDll\dllmain.cpp(108,22): warning C4244: '引數': 將 'float' 轉換為 '_Tp'，由於類型不同，可能導致資料遺失
          with
          [
              _Tp=int
          ]
V:\Work\碩士\計算機視覺\OpencvDll\dllmain.cpp(390,9): warning C4273: 'UsingOpenCV::Functions::Initialize': 不一致的 DLL 連結
V:\Work\碩士\計算機視覺\OpencvDll\OpencvDLL.h(18,39): message : 請參閱 'Initialize' 之前的定義
V:\Work\碩士\計算機視覺\OpencvDll\dllmain.cpp(426,9): warning C4273: 'UsingOpenCV::Functions::Set_Eye_On_Screan_Pos': 不一致的 DLL 連結
V:\Work\碩士\計算機視覺\OpencvDll\OpencvDLL.h(19,40): message : 請參閱 'Set_Eye_On_Screan_Pos' 之前的定義
V:\Work\碩士\計算機視覺\OpencvDll\dllmain.cpp(626,9): warning C4273: 'UsingOpenCV::Functions::Get_Eye_On_Screan_Pos_x': 不一致的 DLL 連結
V:\Work\碩士\計算機視覺\OpencvDll\OpencvDLL.h(20,41): message : 請參閱 'Get_Eye_On_Screan_Pos_x' 之前的定義
V:\Work\碩士\計算機視覺\OpencvDll\dllmain.cpp(631,9): warning C4273: 'UsingOpenCV::Functions::Get_Eye_On_Screan_Pos_y': 不一致的 DLL 連結
V:\Work\碩士\計算機視覺\OpencvDll\OpencvDLL.h(21,41): message : 請參閱 'Get_Eye_On_Screan_Pos_y' 之前的定義
     正在建立程式庫 V:\Work\碩士\計算機視覺\OpencvDll\x64\Release\OpencvDll.lib 和物件 V:\Work\碩士\計算機視覺\OpencvDll\x64\Release\OpencvDll.exp
  正在產生程式碼
  1 of 406 functions ( 0.2%) were compiled, the rest were copied from previous compilation.
    0 functions were new in current compilation
    2 functions had inline decision re-evaluated but remain unchanged
  已完成程式碼產生
  OpencvDll.vcxproj -> V:\Work\碩士\計算機視覺\OpencvDll\x64\Release\OpencvDll.dll
