  dllmain.cpp
V:\Work\碩士\計算機視覺\OpencvDll\dllmain.cpp(25,35): warning C4018: '<': signed/unsigned 不相符
V:\Work\碩士\計算機視覺\OpencvDll\dllmain.cpp(39,27): warning C4018: '<': signed/unsigned 不相符
V:\Work\碩士\計算機視覺\OpencvDll\dllmain.cpp(54,27): warning C4018: '<': signed/unsigned 不相符
V:\Work\碩士\計算機視覺\OpencvDll\dllmain.cpp(69,27): warning C4018: '<': signed/unsigned 不相符
V:\Work\碩士\計算機視覺\OpencvDll\dllmain.cpp(89,67): warning C4018: '<': signed/unsigned 不相符
V:\Work\碩士\計算機視覺\OpencvDll\dllmain.cpp(100,28): warning C4244: '引數': 將 'float' 轉換為 '_Tp'，由於類型不同，可能導致資料遺失
          with
          [
              _Tp=int
          ]
V:\Work\碩士\計算機視覺\OpencvDll\dllmain.cpp(100,22): warning C4244: '引數': 將 'float' 轉換為 '_Tp'，由於類型不同，可能導致資料遺失
          with
          [
              _Tp=int
          ]
V:\Work\碩士\計算機視覺\OpencvDll\dllmain.cpp(132,27): warning C4018: '<': signed/unsigned 不相符
V:\Work\碩士\計算機視覺\OpencvDll\dllmain.cpp(163,27): warning C4018: '<': signed/unsigned 不相符
V:\Work\碩士\計算機視覺\OpencvDll\dllmain.cpp(196,27): warning C4018: '<': signed/unsigned 不相符
V:\Work\碩士\計算機視覺\OpencvDll\dllmain.cpp(227,27): warning C4018: '<': signed/unsigned 不相符
dllmain.obj : error LNK2019: 在函式 "void __cdecl cv::fastFree(void *)" (?fastFree@cv@@YAXPAX@Z)"public: __thiscall cv::Mat::~Mat(void)" (??1Mat@cv@@QAE@XZ) 中參考了無法解析的外部符號
dllmain.obj : error LNK2019: 在函式 "void __cdecl cv::error(int,class std::basic_string<char,struct std::char_traits<char>,class std::allocator<char> > const &,char const *,char const *,int)" (?error@cv@@YAXHABV?$basic_string@DU?$char_traits@D@std@@V?$allocator@D@2@@std@@PBD1H@Z)"public: class cv::Vec<unsigned char,3> & __thiscall cv::Mat::at<class cv::Vec<unsigned char,3> >(int,int)" (??$at@V?$Vec@E$02@cv@@@Mat@cv@@QAEAAV?$Vec@E$02@1@HH@Z) 中參考了無法解析的外部符號
dllmain.obj : error LNK2019: 在函式 "public: __thiscall cv::Mat::Mat(class cv::Mat const &,class cv::Rect_<int> const &)" (??0Mat@cv@@QAE@ABV01@ABV?$Rect_@H@1@@Z)"public: class cv::Mat __thiscall cv::Mat::operator()(class cv::Rect_<int> const &)const " (??RMat@cv@@QBE?AV01@ABV?$Rect_@H@1@@Z) 中參考了無法解析的外部符號
dllmain.obj : error LNK2019: 在函式 "public: void __thiscall cv::Mat::deallocate(void)" (?deallocate@Mat@cv@@QAEXXZ)"public: void __thiscall cv::Mat::release(void)" (?release@Mat@cv@@QAEXXZ) 中參考了無法解析的外部符號
dllmain.obj : error LNK2019: 在函式 "public: void __thiscall cv::Mat::copySize(class cv::Mat const &)" (?copySize@Mat@cv@@QAEXABV12@@Z)"public: __thiscall cv::Mat::Mat(class cv::Mat const &)" (??0Mat@cv@@QAE@ABV01@@Z) 中參考了無法解析的外部符號
dllmain.obj : error LNK2019: 在函式 "class cv::Mat __cdecl cv::imread(class std::basic_string<char,struct std::char_traits<char>,class std::allocator<char> > const &,int)" (?imread@cv@@YA?AVMat@1@ABV?$basic_string@DU?$char_traits@D@std@@V?$allocator@D@2@@std@@H@Z)"float * __cdecl UsingOpenCV::Eye_On_Screan_Pos(class cv::Mat &,class cv::CascadeClassifier &,class cv::CascadeClassifier &)" (?Eye_On_Screan_Pos@UsingOpenCV@@YAPAMAAVMat@cv@@AAVCascadeClassifier@3@1@Z) 中參考了無法解析的外部符號
dllmain.obj : error LNK2019: 在函式 "public: __thiscall cv::VideoCapture::VideoCapture(int,int)" (??0VideoCapture@cv@@QAE@HH@Z)"int __cdecl UsingOpenCV::main(int,char * *)" (?main@UsingOpenCV@@YAHHPAPAD@Z) 中參考了無法解析的外部符號
dllmain.obj : error LNK2019: 在函式 "public: virtual __thiscall cv::VideoCapture::~VideoCapture(void)" (??1VideoCapture@cv@@UAE@XZ)"int __cdecl UsingOpenCV::main(int,char * *)" (?main@UsingOpenCV@@YAHHPAPAD@Z) 中參考了無法解析的外部符號
dllmain.obj : error LNK2019: 在函式 "public: virtual bool __thiscall cv::VideoCapture::isOpened(void)const " (?isOpened@VideoCapture@cv@@UBE_NXZ)"int __cdecl UsingOpenCV::main(int,char * *)" (?main@UsingOpenCV@@YAHHPAPAD@Z) 中參考了無法解析的外部符號
dllmain.obj : error LNK2019: 在函式 "void __cdecl cv::rectangle(class cv::debug_build_guard::_InputOutputArray const &,class cv::Point_<int>,class cv::Point_<int>,class cv::Scalar_<double> const &,int,int,int)" (?rectangle@cv@@YAXABV_InputOutputArray@debug_build_guard@1@V?$Point_@H@1@1ABV?$Scalar_@N@1@HHH@Z)"float * __cdecl UsingOpenCV::Eye_On_Screan_Pos(class cv::Mat &,class cv::CascadeClassifier &,class cv::CascadeClassifier &)" (?Eye_On_Screan_Pos@UsingOpenCV@@YAPAMAAVMat@cv@@AAVCascadeClassifier@3@1@Z) 中參考了無法解析的外部符號
dllmain.obj : error LNK2019: 在函式 "void __cdecl cv::circle(class cv::debug_build_guard::_InputOutputArray const &,class cv::Point_<int>,int,class cv::Scalar_<double> const &,int,int,int)" (?circle@cv@@YAXABV_InputOutputArray@debug_build_guard@1@V?$Point_@H@1@HABV?$Scalar_@N@1@HHH@Z)"float * __cdecl UsingOpenCV::Eye_On_Screan_Pos(class cv::Mat &,class cv::CascadeClassifier &,class cv::CascadeClassifier &)" (?Eye_On_Screan_Pos@UsingOpenCV@@YAPAMAAVMat@cv@@AAVCascadeClassifier@3@1@Z) 中參考了無法解析的外部符號
dllmain.obj : error LNK2019: 在函式 "public: __thiscall cv::CascadeClassifier::CascadeClassifier(void)" (??0CascadeClassifier@cv@@QAE@XZ)"int __cdecl UsingOpenCV::main(int,char * *)" (?main@UsingOpenCV@@YAHHPAPAD@Z) 中參考了無法解析的外部符號
dllmain.obj : error LNK2019: 在函式 "public: __thiscall cv::CascadeClassifier::~CascadeClassifier(void)" (??1CascadeClassifier@cv@@QAE@XZ)"int __cdecl UsingOpenCV::main(int,char * *)" (?main@UsingOpenCV@@YAHHPAPAD@Z) 中參考了無法解析的外部符號
dllmain.obj : error LNK2019: 在函式 "public: bool __thiscall cv::CascadeClassifier::load(class std::basic_string<char,struct std::char_traits<char>,class std::allocator<char> > const &)" (?load@CascadeClassifier@cv@@QAE_NABV?$basic_string@DU?$char_traits@D@std@@V?$allocator@D@2@@std@@@Z)"int __cdecl UsingOpenCV::main(int,char * *)" (?main@UsingOpenCV@@YAHHPAPAD@Z) 中參考了無法解析的外部符號
dllmain.obj : error LNK2019: 在函式 "public: void __thiscall cv::CascadeClassifier::detectMultiScale(class cv::debug_build_guard::_InputArray const &,class std::vector<class cv::Rect_<int>,class std::allocator<class cv::Rect_<int> > > &,double,int,int,class cv::Size_<int>,class cv::Size_<int>)" (?detectMultiScale@CascadeClassifier@cv@@QAEXABV_InputArray@debug_build_guard@2@AAV?$vector@V?$Rect_@H@cv@@V?$allocator@V?$Rect_@H@cv@@@std@@@std@@NHHV?$Size_@H@2@2@Z)"float * __cdecl UsingOpenCV::Eye_On_Screan_Pos(class cv::Mat &,class cv::CascadeClassifier &,class cv::CascadeClassifier &)" (?Eye_On_Screan_Pos@UsingOpenCV@@YAPAMAAVMat@cv@@AAVCascadeClassifier@3@1@Z) 中參考了無法解析的外部符號
X:\Program\opencv4.0.1\opencv\build\x64\vc15\lib\opencv_world401d.lib : warning LNK4272: 程式庫電腦類型 'x64' 與目標電腦類型 'x86' 發生衝突
V:\Work\碩士\計算機視覺\OpencvDll\Debug\OpencvDll.dll : fatal error LNK1120: 15 個無法解析的外部符號
